[debug] [2018-02-01T16:06:09.691Z] ----------------------------------------------------------------------
[debug] [2018-02-01T16:06:09.691Z] Command:       C:\Program Files\nodejs\node.exe C:\Users\shirea\AppData\Roaming\npm\node_modules\firebase-tools\bin\firebase serve
[debug] [2018-02-01T16:06:09.691Z] CLI Version:   3.17.4
[debug] [2018-02-01T16:06:09.691Z] Platform:      win32
[debug] [2018-02-01T16:06:09.691Z] Node Version:  v8.9.4
[debug] [2018-02-01T16:06:09.691Z] Time:          Thu Feb 01 2018 11:06:09 GMT-0500 (Eastern Standard Time)
[debug] [2018-02-01T16:06:09.691Z] ----------------------------------------------------------------------
[debug] 
[debug] [2018-02-01T16:06:09.707Z] > command requires scopes: ["email","openid","https://www.googleapis.com/auth/cloudplatformprojects.readonly","https://www.googleapis.com/auth/firebase","https://www.googleapis.com/auth/cloud-platform"]
[debug] [2018-02-01T16:06:09.707Z] > authorizing via signed-in user
[debug] [2018-02-01T16:06:09.707Z] > refreshing access token with scopes: ["email","https://www.googleapis.com/auth/cloud-platform","https://www.googleapis.com/auth/cloudplatformprojects.readonly","https://www.googleapis.com/auth/firebase","openid"]
[debug] [2018-02-01T16:06:09.707Z] >>> HTTP REQUEST POST https://www.googleapis.com/oauth2/v3/token  
 { refresh_token: '1/iHf57EKAOdzTNwRLC30QM-2Ogh5BE3hegemL9VtGLLP3JqhVWiGMdglRaNIkJ0Sq',
  client_id: '563584335869-fgrhgmd47bqnekij5i8b5pr03ho849e6.apps.googleusercontent.com',
  client_secret: 'j9iVZfS8kkCEFUPaAeJV0sAi',
  grant_type: 'refresh_token',
  scope: 'email https://www.googleapis.com/auth/cloud-platform https://www.googleapis.com/auth/cloudplatformprojects.readonly https://www.googleapis.com/auth/firebase openid' } 
 Thu Feb 01 2018 11:06:09 GMT-0500 (Eastern Standard Time)
[debug] [2018-02-01T16:06:09.887Z] <<< HTTP RESPONSE 200
[debug] [2018-02-01T16:06:09.894Z] >>> HTTP REQUEST GET https://admin.firebase.com/v1/projects/fight-club-9c546  
  
 Thu Feb 01 2018 11:06:09 GMT-0500 (Eastern Standard Time)
[debug] [2018-02-01T16:06:10.200Z] <<< HTTP RESPONSE 200
[debug] [2018-02-01T16:06:10.200Z] >>> HTTP REQUEST GET https://admin.firebase.com/v1/database/fight-club-9c546/tokens  
  
 Thu Feb 01 2018 11:06:10 GMT-0500 (Eastern Standard Time)
[debug] [2018-02-01T16:06:10.544Z] <<< HTTP RESPONSE 200
[info] 
[info] === Serving from 'C:\Users\shirea\projects\fight-club'...
[info] 
[debug] [2018-02-01T16:06:10.544Z] >>> HTTP REQUEST GET https://cloudresourcemanager.googleapis.com/v1/projects/fight-club-9c546  
  
 Thu Feb 01 2018 11:06:10 GMT-0500 (Eastern Standard Time)
[debug] [2018-02-01T16:06:10.848Z] <<< HTTP RESPONSE 200
[debug] [2018-02-01T16:06:10.848Z] >>> HTTP REQUEST GET https://mobilesdk-pa.googleapis.com/v1/projects/292548148013/clients/_:getWebAppConfig  
  
 Thu Feb 01 2018 11:06:10 GMT-0500 (Eastern Standard Time)
[debug] [2018-02-01T16:06:11.207Z] <<< HTTP RESPONSE 200
[info] i  hosting: Serving hosting files from: ./
[info] +  hosting: Local server: http://localhost:5000

